
*** Running vivado
    with args -log AXI_SpaceWire_IP_v1_0_S01_AXI_RX.vds -m64 -product Vivado -mode batch -messageDb vivado.pb -notrace -source AXI_SpaceWire_IP_v1_0_S01_AXI_RX.tcl


****** Vivado v2022.1 (64-bit)
  **** SW Build 3526262 on Mon Apr 18 15:47:01 MDT 2022
  **** IP Build 3524634 on Mon Apr 18 20:55:01 MDT 2022
    ** Copyright 1986-2022 Xilinx, Inc. All Rights Reserved.

source AXI_SpaceWire_IP_v1_0_S01_AXI_RX.tcl -notrace
INFO: [IP_Flow 19-234] Refreshing IP repositories
INFO: [IP_Flow 19-1700] Loaded user IP repository '/home/stl56jc/Dokumente/Code/axi_spw_ip_repo/AXI_SpaceWire_IP_1.0'.
INFO: [IP_Flow 19-2313] Loaded Vivado IP repository '/tools/Xilinx/Vivado/2022.1/data/ip'.
WARNING: [IP_Flow 19-1663] Duplicate IP found for 'uni-wuerzburg.informatikviii:user:AXI_SpaceWire_IP:1.0'. The one found in IP location '/home/stl56jc/Dokumente/Code/axi_spw_ip_repo/AXI_SpaceWire_IP_1.0' will take precedence over the same IP in location /home/stl56jc/Dokumente/Code/axi_spw_ip_repo/AXI_SpaceWire_IP_1.0/user.org_user_AXI_SpaceWire_IP_1.0
Command: read_checkpoint -auto_incremental -incremental /home/stl56jc/Dokumente/Code/axi_spw_ip_repo/edit_AXI_SpaceWire_IP_v1_0.srcs/utils_1/imports/synth_1/AXI_SpaceWire_IP_v1_0.dcp
INFO: [Vivado 12-5825] Read reference checkpoint from /home/stl56jc/Dokumente/Code/axi_spw_ip_repo/edit_AXI_SpaceWire_IP_v1_0.srcs/utils_1/imports/synth_1/AXI_SpaceWire_IP_v1_0.dcp for incremental synthesis
INFO: [Vivado 12-7989] Please ensure there are no constraint changes
Command: synth_design -top AXI_SpaceWire_IP_v1_0_S01_AXI_RX -part xc7a35tcpg236-1
Starting synth_design
Attempting to get a license for feature 'Synthesis' and/or device 'xc7a35t'
INFO: [Common 17-349] Got license for feature 'Synthesis' and/or device 'xc7a35t'
INFO: [Vivado_Tcl 4-1810] synth_design options have changed between reference and incremental; A full resynthesis will be run
INFO: [Synth 8-7079] Multithreading enabled for synth_design using a maximum of 4 processes.
INFO: [Synth 8-7078] Launching helper process for spawning children vivado processes
INFO: [Synth 8-7075] Helper process launched with PID 8518
---------------------------------------------------------------------------------
Starting Synthesize : Time (s): cpu = 00:00:02 ; elapsed = 00:00:02 . Memory (MB): peak = 3152.434 ; gain = 0.000 ; free physical = 144 ; free virtual = 5813
---------------------------------------------------------------------------------
INFO: [Synth 8-638] synthesizing module 'AXI_SpaceWire_IP_v1_0_S01_AXI_RX' [/home/stl56jc/Dokumente/Code/axi_spw_ip_repo/AXI_SpaceWire_IP_1.0/hdl/AXI_SpaceWire_IP_v1_0_S01_AXI_RX.vhd:224]
WARNING: [Synth 8-506] null port 'S_AXI_AWUSER' ignored [/home/stl56jc/Dokumente/Code/axi_spw_ip_repo/AXI_SpaceWire_IP_1.0/hdl/AXI_SpaceWire_IP_v1_0_S01_AXI_RX.vhd:123]
WARNING: [Synth 8-506] null port 'S_AXI_WUSER' ignored [/home/stl56jc/Dokumente/Code/axi_spw_ip_repo/AXI_SpaceWire_IP_1.0/hdl/AXI_SpaceWire_IP_v1_0_S01_AXI_RX.vhd:142]
WARNING: [Synth 8-506] null port 'S_AXI_BUSER' ignored [/home/stl56jc/Dokumente/Code/axi_spw_ip_repo/AXI_SpaceWire_IP_1.0/hdl/AXI_SpaceWire_IP_v1_0_S01_AXI_RX.vhd:156]
WARNING: [Synth 8-506] null port 'S_AXI_ARUSER' ignored [/home/stl56jc/Dokumente/Code/axi_spw_ip_repo/AXI_SpaceWire_IP_1.0/hdl/AXI_SpaceWire_IP_v1_0_S01_AXI_RX.vhd:193]
WARNING: [Synth 8-506] null port 'S_AXI_RUSER' ignored [/home/stl56jc/Dokumente/Code/axi_spw_ip_repo/AXI_SpaceWire_IP_1.0/hdl/AXI_SpaceWire_IP_v1_0_S01_AXI_RX.vhd:214]
WARNING: [Synth 8-6774] Null subtype or type declaration found [/home/stl56jc/Dokumente/Code/axi_spw_ip_repo/AXI_SpaceWire_IP_1.0/hdl/AXI_SpaceWire_IP_v1_0_S01_AXI_RX.vhd:260]
WARNING: [Synth 8-6774] Null subtype or type declaration found [/home/stl56jc/Dokumente/Code/axi_spw_ip_repo/AXI_SpaceWire_IP_1.0/hdl/AXI_SpaceWire_IP_v1_0_S01_AXI_RX.vhd:267]
INFO: [Synth 8-226] default block is never used [/home/stl56jc/Dokumente/Code/axi_spw_ip_repo/AXI_SpaceWire_IP_1.0/hdl/AXI_SpaceWire_IP_v1_0_S01_AXI_RX.vhd:598]
INFO: [Synth 8-226] default block is never used [/home/stl56jc/Dokumente/Code/axi_spw_ip_repo/AXI_SpaceWire_IP_1.0/hdl/AXI_SpaceWire_IP_v1_0_S01_AXI_RX.vhd:598]
INFO: [Synth 8-226] default block is never used [/home/stl56jc/Dokumente/Code/axi_spw_ip_repo/AXI_SpaceWire_IP_1.0/hdl/AXI_SpaceWire_IP_v1_0_S01_AXI_RX.vhd:598]
INFO: [Synth 8-226] default block is never used [/home/stl56jc/Dokumente/Code/axi_spw_ip_repo/AXI_SpaceWire_IP_1.0/hdl/AXI_SpaceWire_IP_v1_0_S01_AXI_RX.vhd:598]
WARNING: [Synth 8-614] signal 'axi_araddr' is read in the process but is not in the sensitivity list [/home/stl56jc/Dokumente/Code/axi_spw_ip_repo/AXI_SpaceWire_IP_1.0/hdl/AXI_SpaceWire_IP_v1_0_S01_AXI_RX.vhd:703]
	Parameter ALMOST_EMPTY_OFFSET bound to: 12'b000100000000 
	Parameter ALMOST_FULL_OFFSET bound to: 12'b011011111111 
	Parameter DATA_WIDTH bound to: 9 - type: integer 
	Parameter DEVICE bound to: 7SERIES - type: string 
	Parameter FIFO_SIZE bound to: 18Kb - type: string 
	Parameter FIRST_WORD_FALL_THROUGH bound to: 1 - type: bool 
INFO: [Synth 8-3491] module 'FIFO_DUALCLOCK_MACRO' declared at '/tools/Xilinx/Vivado/2022.1/data/vhdl/src/unimacro/FIFO_DUALCLOCK_MACRO.vhd:36' bound to instance 'FIFO_DUALCLOCK_MACRO_inst_TX' of component 'FIFO_DUALCLOCK_MACRO' [/home/stl56jc/Dokumente/Code/axi_spw_ip_repo/AXI_SpaceWire_IP_1.0/hdl/AXI_SpaceWire_IP_v1_0_S01_AXI_RX.vhd:872]
INFO: [Synth 8-638] synthesizing module 'unimacro_FIFO_DUALCLOCK_MACRO' [/tools/Xilinx/Vivado/2022.1/data/vhdl/src/unimacro/FIFO_DUALCLOCK_MACRO.vhd:70]
	Parameter ALMOST_FULL_OFFSET bound to: 12'b011011111111 
	Parameter ALMOST_EMPTY_OFFSET bound to: 12'b000100000000 
	Parameter DATA_WIDTH bound to: 9 - type: integer 
	Parameter DEVICE bound to: 7SERIES - type: string 
	Parameter FIFO_SIZE bound to: 18Kb - type: string 
	Parameter FIRST_WORD_FALL_THROUGH bound to: 1 - type: bool 
	Parameter INIT bound to: 72'b000000000000000000000000000000000000000000000000000000000000000000000000 
	Parameter SRVAL bound to: 72'b000000000000000000000000000000000000000000000000000000000000000000000000 
	Parameter SIM_MODE bound to: SAFE - type: string 
	Parameter ALMOST_EMPTY_OFFSET bound to: 12'b000100000000 
	Parameter ALMOST_FULL_OFFSET bound to: 12'b011011111111 
	Parameter DATA_WIDTH bound to: 9 - type: integer 
	Parameter DO_REG bound to: 1 - type: integer 
	Parameter EN_SYN bound to: 0 - type: bool 
	Parameter FIFO_MODE bound to: FIFO18 - type: string 
	Parameter FIRST_WORD_FALL_THROUGH bound to: 1 - type: bool 
	Parameter INIT bound to: 36'b000000000000000000000000000000000000 
	Parameter SIM_DEVICE bound to: 7SERIES - type: string 
	Parameter SRVAL bound to: 36'b000000000000000000000000000000000000 
INFO: [Synth 8-113] binding component instance 'fifo_18_bl' to cell 'FIFO18E1' [/tools/Xilinx/Vivado/2022.1/data/vhdl/src/unimacro/FIFO_DUALCLOCK_MACRO.vhd:769]
INFO: [Synth 8-256] done synthesizing module 'unimacro_FIFO_DUALCLOCK_MACRO' (0#1) [/tools/Xilinx/Vivado/2022.1/data/vhdl/src/unimacro/FIFO_DUALCLOCK_MACRO.vhd:70]
INFO: [Synth 8-256] done synthesizing module 'AXI_SpaceWire_IP_v1_0_S01_AXI_RX' (0#1) [/home/stl56jc/Dokumente/Code/axi_spw_ip_repo/AXI_SpaceWire_IP_1.0/hdl/AXI_SpaceWire_IP_v1_0_S01_AXI_RX.vhd:224]
WARNING: [Synth 8-3917] design AXI_SpaceWire_IP_v1_0_S01_AXI_RX has port rdcount[31] driven by constant 0
WARNING: [Synth 8-3917] design AXI_SpaceWire_IP_v1_0_S01_AXI_RX has port rdcount[30] driven by constant 0
WARNING: [Synth 8-3917] design AXI_SpaceWire_IP_v1_0_S01_AXI_RX has port rdcount[29] driven by constant 0
WARNING: [Synth 8-3917] design AXI_SpaceWire_IP_v1_0_S01_AXI_RX has port rdcount[28] driven by constant 0
WARNING: [Synth 8-3917] design AXI_SpaceWire_IP_v1_0_S01_AXI_RX has port rdcount[27] driven by constant 0
WARNING: [Synth 8-3917] design AXI_SpaceWire_IP_v1_0_S01_AXI_RX has port rdcount[26] driven by constant 0
WARNING: [Synth 8-3917] design AXI_SpaceWire_IP_v1_0_S01_AXI_RX has port rdcount[25] driven by constant 0
WARNING: [Synth 8-3917] design AXI_SpaceWire_IP_v1_0_S01_AXI_RX has port rdcount[24] driven by constant 0
WARNING: [Synth 8-3917] design AXI_SpaceWire_IP_v1_0_S01_AXI_RX has port rdcount[23] driven by constant 0
WARNING: [Synth 8-3917] design AXI_SpaceWire_IP_v1_0_S01_AXI_RX has port rdcount[22] driven by constant 0
WARNING: [Synth 8-3917] design AXI_SpaceWire_IP_v1_0_S01_AXI_RX has port rdcount[21] driven by constant 0
WARNING: [Synth 8-3917] design AXI_SpaceWire_IP_v1_0_S01_AXI_RX has port rdcount[20] driven by constant 0
WARNING: [Synth 8-3917] design AXI_SpaceWire_IP_v1_0_S01_AXI_RX has port rdcount[19] driven by constant 0
WARNING: [Synth 8-3917] design AXI_SpaceWire_IP_v1_0_S01_AXI_RX has port rdcount[18] driven by constant 0
WARNING: [Synth 8-3917] design AXI_SpaceWire_IP_v1_0_S01_AXI_RX has port rdcount[17] driven by constant 0
WARNING: [Synth 8-3917] design AXI_SpaceWire_IP_v1_0_S01_AXI_RX has port rdcount[16] driven by constant 0
WARNING: [Synth 8-3917] design AXI_SpaceWire_IP_v1_0_S01_AXI_RX has port rdcount[15] driven by constant 0
WARNING: [Synth 8-3917] design AXI_SpaceWire_IP_v1_0_S01_AXI_RX has port rdcount[14] driven by constant 0
WARNING: [Synth 8-3917] design AXI_SpaceWire_IP_v1_0_S01_AXI_RX has port rdcount[13] driven by constant 0
WARNING: [Synth 8-3917] design AXI_SpaceWire_IP_v1_0_S01_AXI_RX has port rdcount[12] driven by constant 0
WARNING: [Synth 8-3917] design AXI_SpaceWire_IP_v1_0_S01_AXI_RX has port wrcount[31] driven by constant 0
WARNING: [Synth 8-3917] design AXI_SpaceWire_IP_v1_0_S01_AXI_RX has port wrcount[30] driven by constant 0
WARNING: [Synth 8-3917] design AXI_SpaceWire_IP_v1_0_S01_AXI_RX has port wrcount[29] driven by constant 0
WARNING: [Synth 8-3917] design AXI_SpaceWire_IP_v1_0_S01_AXI_RX has port wrcount[28] driven by constant 0
WARNING: [Synth 8-3917] design AXI_SpaceWire_IP_v1_0_S01_AXI_RX has port wrcount[27] driven by constant 0
WARNING: [Synth 8-3917] design AXI_SpaceWire_IP_v1_0_S01_AXI_RX has port wrcount[26] driven by constant 0
WARNING: [Synth 8-3917] design AXI_SpaceWire_IP_v1_0_S01_AXI_RX has port wrcount[25] driven by constant 0
WARNING: [Synth 8-3917] design AXI_SpaceWire_IP_v1_0_S01_AXI_RX has port wrcount[24] driven by constant 0
WARNING: [Synth 8-3917] design AXI_SpaceWire_IP_v1_0_S01_AXI_RX has port wrcount[23] driven by constant 0
WARNING: [Synth 8-3917] design AXI_SpaceWire_IP_v1_0_S01_AXI_RX has port wrcount[22] driven by constant 0
WARNING: [Synth 8-3917] design AXI_SpaceWire_IP_v1_0_S01_AXI_RX has port wrcount[21] driven by constant 0
WARNING: [Synth 8-3917] design AXI_SpaceWire_IP_v1_0_S01_AXI_RX has port wrcount[20] driven by constant 0
WARNING: [Synth 8-3917] design AXI_SpaceWire_IP_v1_0_S01_AXI_RX has port wrcount[19] driven by constant 0
WARNING: [Synth 8-3917] design AXI_SpaceWire_IP_v1_0_S01_AXI_RX has port wrcount[18] driven by constant 0
WARNING: [Synth 8-3917] design AXI_SpaceWire_IP_v1_0_S01_AXI_RX has port wrcount[17] driven by constant 0
WARNING: [Synth 8-3917] design AXI_SpaceWire_IP_v1_0_S01_AXI_RX has port wrcount[16] driven by constant 0
WARNING: [Synth 8-3917] design AXI_SpaceWire_IP_v1_0_S01_AXI_RX has port wrcount[15] driven by constant 0
WARNING: [Synth 8-3917] design AXI_SpaceWire_IP_v1_0_S01_AXI_RX has port wrcount[14] driven by constant 0
WARNING: [Synth 8-3917] design AXI_SpaceWire_IP_v1_0_S01_AXI_RX has port wrcount[13] driven by constant 0
WARNING: [Synth 8-3917] design AXI_SpaceWire_IP_v1_0_S01_AXI_RX has port wrcount[12] driven by constant 0
WARNING: [Synth 8-7129] Port S_AXI_AWSIZE[2] in module AXI_SpaceWire_IP_v1_0_S01_AXI_RX is either unconnected or has no load
WARNING: [Synth 8-7129] Port S_AXI_AWSIZE[1] in module AXI_SpaceWire_IP_v1_0_S01_AXI_RX is either unconnected or has no load
WARNING: [Synth 8-7129] Port S_AXI_AWSIZE[0] in module AXI_SpaceWire_IP_v1_0_S01_AXI_RX is either unconnected or has no load
WARNING: [Synth 8-7129] Port S_AXI_AWLOCK in module AXI_SpaceWire_IP_v1_0_S01_AXI_RX is either unconnected or has no load
WARNING: [Synth 8-7129] Port S_AXI_AWCACHE[3] in module AXI_SpaceWire_IP_v1_0_S01_AXI_RX is either unconnected or has no load
WARNING: [Synth 8-7129] Port S_AXI_AWCACHE[2] in module AXI_SpaceWire_IP_v1_0_S01_AXI_RX is either unconnected or has no load
WARNING: [Synth 8-7129] Port S_AXI_AWCACHE[1] in module AXI_SpaceWire_IP_v1_0_S01_AXI_RX is either unconnected or has no load
WARNING: [Synth 8-7129] Port S_AXI_AWCACHE[0] in module AXI_SpaceWire_IP_v1_0_S01_AXI_RX is either unconnected or has no load
WARNING: [Synth 8-7129] Port S_AXI_AWPROT[2] in module AXI_SpaceWire_IP_v1_0_S01_AXI_RX is either unconnected or has no load
WARNING: [Synth 8-7129] Port S_AXI_AWPROT[1] in module AXI_SpaceWire_IP_v1_0_S01_AXI_RX is either unconnected or has no load
WARNING: [Synth 8-7129] Port S_AXI_AWPROT[0] in module AXI_SpaceWire_IP_v1_0_S01_AXI_RX is either unconnected or has no load
WARNING: [Synth 8-7129] Port S_AXI_AWQOS[3] in module AXI_SpaceWire_IP_v1_0_S01_AXI_RX is either unconnected or has no load
WARNING: [Synth 8-7129] Port S_AXI_AWQOS[2] in module AXI_SpaceWire_IP_v1_0_S01_AXI_RX is either unconnected or has no load
WARNING: [Synth 8-7129] Port S_AXI_AWQOS[1] in module AXI_SpaceWire_IP_v1_0_S01_AXI_RX is either unconnected or has no load
WARNING: [Synth 8-7129] Port S_AXI_AWQOS[0] in module AXI_SpaceWire_IP_v1_0_S01_AXI_RX is either unconnected or has no load
WARNING: [Synth 8-7129] Port S_AXI_AWREGION[3] in module AXI_SpaceWire_IP_v1_0_S01_AXI_RX is either unconnected or has no load
WARNING: [Synth 8-7129] Port S_AXI_AWREGION[2] in module AXI_SpaceWire_IP_v1_0_S01_AXI_RX is either unconnected or has no load
WARNING: [Synth 8-7129] Port S_AXI_AWREGION[1] in module AXI_SpaceWire_IP_v1_0_S01_AXI_RX is either unconnected or has no load
WARNING: [Synth 8-7129] Port S_AXI_AWREGION[0] in module AXI_SpaceWire_IP_v1_0_S01_AXI_RX is either unconnected or has no load
WARNING: [Synth 8-7129] Port S_AXI_WDATA[31] in module AXI_SpaceWire_IP_v1_0_S01_AXI_RX is either unconnected or has no load
WARNING: [Synth 8-7129] Port S_AXI_WDATA[30] in module AXI_SpaceWire_IP_v1_0_S01_AXI_RX is either unconnected or has no load
WARNING: [Synth 8-7129] Port S_AXI_WDATA[29] in module AXI_SpaceWire_IP_v1_0_S01_AXI_RX is either unconnected or has no load
WARNING: [Synth 8-7129] Port S_AXI_WDATA[28] in module AXI_SpaceWire_IP_v1_0_S01_AXI_RX is either unconnected or has no load
WARNING: [Synth 8-7129] Port S_AXI_WDATA[27] in module AXI_SpaceWire_IP_v1_0_S01_AXI_RX is either unconnected or has no load
WARNING: [Synth 8-7129] Port S_AXI_WDATA[26] in module AXI_SpaceWire_IP_v1_0_S01_AXI_RX is either unconnected or has no load
WARNING: [Synth 8-7129] Port S_AXI_WDATA[25] in module AXI_SpaceWire_IP_v1_0_S01_AXI_RX is either unconnected or has no load
WARNING: [Synth 8-7129] Port S_AXI_WDATA[24] in module AXI_SpaceWire_IP_v1_0_S01_AXI_RX is either unconnected or has no load
WARNING: [Synth 8-7129] Port S_AXI_WDATA[23] in module AXI_SpaceWire_IP_v1_0_S01_AXI_RX is either unconnected or has no load
WARNING: [Synth 8-7129] Port S_AXI_WDATA[22] in module AXI_SpaceWire_IP_v1_0_S01_AXI_RX is either unconnected or has no load
WARNING: [Synth 8-7129] Port S_AXI_WDATA[21] in module AXI_SpaceWire_IP_v1_0_S01_AXI_RX is either unconnected or has no load
WARNING: [Synth 8-7129] Port S_AXI_WDATA[20] in module AXI_SpaceWire_IP_v1_0_S01_AXI_RX is either unconnected or has no load
WARNING: [Synth 8-7129] Port S_AXI_WDATA[19] in module AXI_SpaceWire_IP_v1_0_S01_AXI_RX is either unconnected or has no load
WARNING: [Synth 8-7129] Port S_AXI_WDATA[18] in module AXI_SpaceWire_IP_v1_0_S01_AXI_RX is either unconnected or has no load
WARNING: [Synth 8-7129] Port S_AXI_WDATA[17] in module AXI_SpaceWire_IP_v1_0_S01_AXI_RX is either unconnected or has no load
WARNING: [Synth 8-7129] Port S_AXI_WDATA[16] in module AXI_SpaceWire_IP_v1_0_S01_AXI_RX is either unconnected or has no load
WARNING: [Synth 8-7129] Port S_AXI_WDATA[15] in module AXI_SpaceWire_IP_v1_0_S01_AXI_RX is either unconnected or has no load
WARNING: [Synth 8-7129] Port S_AXI_WDATA[14] in module AXI_SpaceWire_IP_v1_0_S01_AXI_RX is either unconnected or has no load
WARNING: [Synth 8-7129] Port S_AXI_WDATA[13] in module AXI_SpaceWire_IP_v1_0_S01_AXI_RX is either unconnected or has no load
WARNING: [Synth 8-7129] Port S_AXI_WDATA[12] in module AXI_SpaceWire_IP_v1_0_S01_AXI_RX is either unconnected or has no load
WARNING: [Synth 8-7129] Port S_AXI_WDATA[11] in module AXI_SpaceWire_IP_v1_0_S01_AXI_RX is either unconnected or has no load
WARNING: [Synth 8-7129] Port S_AXI_WDATA[10] in module AXI_SpaceWire_IP_v1_0_S01_AXI_RX is either unconnected or has no load
WARNING: [Synth 8-7129] Port S_AXI_WDATA[9] in module AXI_SpaceWire_IP_v1_0_S01_AXI_RX is either unconnected or has no load
WARNING: [Synth 8-7129] Port S_AXI_WDATA[8] in module AXI_SpaceWire_IP_v1_0_S01_AXI_RX is either unconnected or has no load
WARNING: [Synth 8-7129] Port S_AXI_WDATA[7] in module AXI_SpaceWire_IP_v1_0_S01_AXI_RX is either unconnected or has no load
WARNING: [Synth 8-7129] Port S_AXI_WDATA[6] in module AXI_SpaceWire_IP_v1_0_S01_AXI_RX is either unconnected or has no load
WARNING: [Synth 8-7129] Port S_AXI_WDATA[5] in module AXI_SpaceWire_IP_v1_0_S01_AXI_RX is either unconnected or has no load
WARNING: [Synth 8-7129] Port S_AXI_WDATA[4] in module AXI_SpaceWire_IP_v1_0_S01_AXI_RX is either unconnected or has no load
WARNING: [Synth 8-7129] Port S_AXI_WDATA[3] in module AXI_SpaceWire_IP_v1_0_S01_AXI_RX is either unconnected or has no load
WARNING: [Synth 8-7129] Port S_AXI_WDATA[2] in module AXI_SpaceWire_IP_v1_0_S01_AXI_RX is either unconnected or has no load
WARNING: [Synth 8-7129] Port S_AXI_WDATA[1] in module AXI_SpaceWire_IP_v1_0_S01_AXI_RX is either unconnected or has no load
WARNING: [Synth 8-7129] Port S_AXI_WDATA[0] in module AXI_SpaceWire_IP_v1_0_S01_AXI_RX is either unconnected or has no load
WARNING: [Synth 8-7129] Port S_AXI_WSTRB[3] in module AXI_SpaceWire_IP_v1_0_S01_AXI_RX is either unconnected or has no load
WARNING: [Synth 8-7129] Port S_AXI_WSTRB[2] in module AXI_SpaceWire_IP_v1_0_S01_AXI_RX is either unconnected or has no load
WARNING: [Synth 8-7129] Port S_AXI_WSTRB[1] in module AXI_SpaceWire_IP_v1_0_S01_AXI_RX is either unconnected or has no load
WARNING: [Synth 8-7129] Port S_AXI_WSTRB[0] in module AXI_SpaceWire_IP_v1_0_S01_AXI_RX is either unconnected or has no load
WARNING: [Synth 8-7129] Port S_AXI_ARSIZE[2] in module AXI_SpaceWire_IP_v1_0_S01_AXI_RX is either unconnected or has no load
WARNING: [Synth 8-7129] Port S_AXI_ARSIZE[1] in module AXI_SpaceWire_IP_v1_0_S01_AXI_RX is either unconnected or has no load
WARNING: [Synth 8-7129] Port S_AXI_ARSIZE[0] in module AXI_SpaceWire_IP_v1_0_S01_AXI_RX is either unconnected or has no load
WARNING: [Synth 8-7129] Port S_AXI_ARLOCK in module AXI_SpaceWire_IP_v1_0_S01_AXI_RX is either unconnected or has no load
WARNING: [Synth 8-7129] Port S_AXI_ARCACHE[3] in module AXI_SpaceWire_IP_v1_0_S01_AXI_RX is either unconnected or has no load
WARNING: [Synth 8-7129] Port S_AXI_ARCACHE[2] in module AXI_SpaceWire_IP_v1_0_S01_AXI_RX is either unconnected or has no load
WARNING: [Synth 8-7129] Port S_AXI_ARCACHE[1] in module AXI_SpaceWire_IP_v1_0_S01_AXI_RX is either unconnected or has no load
WARNING: [Synth 8-7129] Port S_AXI_ARCACHE[0] in module AXI_SpaceWire_IP_v1_0_S01_AXI_RX is either unconnected or has no load
WARNING: [Synth 8-7129] Port S_AXI_ARPROT[2] in module AXI_SpaceWire_IP_v1_0_S01_AXI_RX is either unconnected or has no load
WARNING: [Synth 8-7129] Port S_AXI_ARPROT[1] in module AXI_SpaceWire_IP_v1_0_S01_AXI_RX is either unconnected or has no load
WARNING: [Synth 8-7129] Port S_AXI_ARPROT[0] in module AXI_SpaceWire_IP_v1_0_S01_AXI_RX is either unconnected or has no load
WARNING: [Synth 8-7129] Port S_AXI_ARQOS[3] in module AXI_SpaceWire_IP_v1_0_S01_AXI_RX is either unconnected or has no load
WARNING: [Synth 8-7129] Port S_AXI_ARQOS[2] in module AXI_SpaceWire_IP_v1_0_S01_AXI_RX is either unconnected or has no load
WARNING: [Synth 8-7129] Port S_AXI_ARQOS[1] in module AXI_SpaceWire_IP_v1_0_S01_AXI_RX is either unconnected or has no load
WARNING: [Synth 8-7129] Port S_AXI_ARQOS[0] in module AXI_SpaceWire_IP_v1_0_S01_AXI_RX is either unconnected or has no load
WARNING: [Synth 8-7129] Port S_AXI_ARREGION[3] in module AXI_SpaceWire_IP_v1_0_S01_AXI_RX is either unconnected or has no load
WARNING: [Synth 8-7129] Port S_AXI_ARREGION[2] in module AXI_SpaceWire_IP_v1_0_S01_AXI_RX is either unconnected or has no load
WARNING: [Synth 8-7129] Port S_AXI_ARREGION[1] in module AXI_SpaceWire_IP_v1_0_S01_AXI_RX is either unconnected or has no load
WARNING: [Synth 8-7129] Port S_AXI_ARREGION[0] in module AXI_SpaceWire_IP_v1_0_S01_AXI_RX is either unconnected or has no load
---------------------------------------------------------------------------------
Finished Synthesize : Time (s): cpu = 00:00:03 ; elapsed = 00:00:03 . Memory (MB): peak = 3152.434 ; gain = 0.000 ; free physical = 1305 ; free virtual = 6917
---------------------------------------------------------------------------------
---------------------------------------------------------------------------------
Finished Constraint Validation : Time (s): cpu = 00:00:04 ; elapsed = 00:00:04 . Memory (MB): peak = 3152.434 ; gain = 0.000 ; free physical = 1301 ; free virtual = 6912
---------------------------------------------------------------------------------
---------------------------------------------------------------------------------
Start Loading Part and Timing Information
---------------------------------------------------------------------------------
Loading part: xc7a35tcpg236-1
INFO: [Device 21-403] Loading part xc7a35tcpg236-1
---------------------------------------------------------------------------------
Finished Loading Part and Timing Information : Time (s): cpu = 00:00:04 ; elapsed = 00:00:04 . Memory (MB): peak = 3160.438 ; gain = 8.004 ; free physical = 1301 ; free virtual = 6912
---------------------------------------------------------------------------------
---------------------------------------------------------------------------------
Start Preparing Guide Design
---------------------------------------------------------------------------------
---------------------------------------------------------------------------------
Finished Doing Graph Differ : Time (s): cpu = 00:00:04 ; elapsed = 00:00:04 . Memory (MB): peak = 3160.438 ; gain = 8.004 ; free physical = 1299 ; free virtual = 6911
---------------------------------------------------------------------------------
---------------------------------------------------------------------------------
Finished Preparing Guide Design : Time (s): cpu = 00:00:04 ; elapsed = 00:00:04 . Memory (MB): peak = 3160.438 ; gain = 8.004 ; free physical = 1299 ; free virtual = 6911
---------------------------------------------------------------------------------
---------------------------------------------------------------------------------
Finished RTL Optimization Phase 2 : Time (s): cpu = 00:00:04 ; elapsed = 00:00:04 . Memory (MB): peak = 3160.438 ; gain = 8.004 ; free physical = 1266 ; free virtual = 6881
---------------------------------------------------------------------------------


Incremental Synthesis Report Summary:

1. Incremental synthesis run: no

   Reason for not running incremental synthesis : synth_design options have changed between reference and incremental


INFO: [Synth 8-7130] Flow is switching to default flow due to incremental criteria not met. If you would like to alter this behaviour and have the flow terminate instead, please set the following parameter config_implementation {autoIncr.Synth.RejectBehavior Terminate}
No constraint files found.
---------------------------------------------------------------------------------
Start RTL Component Statistics 
---------------------------------------------------------------------------------
Detailed RTL Component Info : 
+---Adders : 
	   3 Input   31 Bit       Adders := 1     
	   3 Input   13 Bit       Adders := 1     
	   2 Input   12 Bit       Adders := 2     
	   2 Input    8 Bit       Adders := 2     
	   3 Input    3 Bit       Adders := 2     
	   2 Input    1 Bit       Adders := 2     
+---XORs : 
	   2 Input      3 Bit         XORs := 2     
+---Registers : 
	               32 Bit    Registers := 2     
	               12 Bit    Registers := 2     
	                9 Bit    Registers := 1     
	                8 Bit    Registers := 8     
	                3 Bit    Registers := 2     
	                2 Bit    Registers := 4     
	                1 Bit    Registers := 10    
+---Muxes : 
	   2 Input   32 Bit        Muxes := 2     
	   2 Input   12 Bit        Muxes := 2     
	   2 Input    9 Bit        Muxes := 7     
	   2 Input    8 Bit        Muxes := 4     
	   2 Input    3 Bit        Muxes := 4     
	   4 Input    3 Bit        Muxes := 2     
	   2 Input    1 Bit        Muxes := 25    
	   4 Input    1 Bit        Muxes := 2     
---------------------------------------------------------------------------------
Finished RTL Component Statistics 
---------------------------------------------------------------------------------
---------------------------------------------------------------------------------
Start Part Resource Summary
---------------------------------------------------------------------------------
Part Resources:
DSPs: 90 (col length:60)
BRAMs: 100 (col length: RAMB18 60 RAMB36 30)
---------------------------------------------------------------------------------
Finished Part Resource Summary
---------------------------------------------------------------------------------
No constraint files found.
---------------------------------------------------------------------------------
Start Cross Boundary and Area Optimization
---------------------------------------------------------------------------------
WARNING: [Synth 8-7080] Parallel synthesis criteria is not met
WARNING: [Synth 8-3917] design AXI_SpaceWire_IP_v1_0_S01_AXI_RX has port do[31] driven by constant 0
WARNING: [Synth 8-3917] design AXI_SpaceWire_IP_v1_0_S01_AXI_RX has port do[30] driven by constant 0
WARNING: [Synth 8-3917] design AXI_SpaceWire_IP_v1_0_S01_AXI_RX has port do[29] driven by constant 0
WARNING: [Synth 8-3917] design AXI_SpaceWire_IP_v1_0_S01_AXI_RX has port do[28] driven by constant 0
WARNING: [Synth 8-3917] design AXI_SpaceWire_IP_v1_0_S01_AXI_RX has port do[27] driven by constant 0
WARNING: [Synth 8-3917] design AXI_SpaceWire_IP_v1_0_S01_AXI_RX has port do[26] driven by constant 0
WARNING: [Synth 8-3917] design AXI_SpaceWire_IP_v1_0_S01_AXI_RX has port do[25] driven by constant 0
WARNING: [Synth 8-3917] design AXI_SpaceWire_IP_v1_0_S01_AXI_RX has port do[24] driven by constant 0
WARNING: [Synth 8-3917] design AXI_SpaceWire_IP_v1_0_S01_AXI_RX has port do[23] driven by constant 0
WARNING: [Synth 8-3917] design AXI_SpaceWire_IP_v1_0_S01_AXI_RX has port do[22] driven by constant 0
WARNING: [Synth 8-3917] design AXI_SpaceWire_IP_v1_0_S01_AXI_RX has port do[21] driven by constant 0
WARNING: [Synth 8-3917] design AXI_SpaceWire_IP_v1_0_S01_AXI_RX has port do[20] driven by constant 0
WARNING: [Synth 8-3917] design AXI_SpaceWire_IP_v1_0_S01_AXI_RX has port do[19] driven by constant 0
WARNING: [Synth 8-3917] design AXI_SpaceWire_IP_v1_0_S01_AXI_RX has port do[18] driven by constant 0
WARNING: [Synth 8-3917] design AXI_SpaceWire_IP_v1_0_S01_AXI_RX has port do[17] driven by constant 0
WARNING: [Synth 8-3917] design AXI_SpaceWire_IP_v1_0_S01_AXI_RX has port do[16] driven by constant 0
WARNING: [Synth 8-3917] design AXI_SpaceWire_IP_v1_0_S01_AXI_RX has port do[15] driven by constant 0
WARNING: [Synth 8-3917] design AXI_SpaceWire_IP_v1_0_S01_AXI_RX has port do[14] driven by constant 0
WARNING: [Synth 8-3917] design AXI_SpaceWire_IP_v1_0_S01_AXI_RX has port do[13] driven by constant 0
WARNING: [Synth 8-3917] design AXI_SpaceWire_IP_v1_0_S01_AXI_RX has port do[12] driven by constant 0
WARNING: [Synth 8-3917] design AXI_SpaceWire_IP_v1_0_S01_AXI_RX has port do[11] driven by constant 0
WARNING: [Synth 8-3917] design AXI_SpaceWire_IP_v1_0_S01_AXI_RX has port do[10] driven by constant 0
WARNING: [Synth 8-3917] design AXI_SpaceWire_IP_v1_0_S01_AXI_RX has port do[9] driven by constant 0
WARNING: [Synth 8-3917] design AXI_SpaceWire_IP_v1_0_S01_AXI_RX has port rdcount[31] driven by constant 0
WARNING: [Synth 8-3917] design AXI_SpaceWire_IP_v1_0_S01_AXI_RX has port rdcount[30] driven by constant 0
WARNING: [Synth 8-3917] design AXI_SpaceWire_IP_v1_0_S01_AXI_RX has port rdcount[29] driven by constant 0
WARNING: [Synth 8-3917] design AXI_SpaceWire_IP_v1_0_S01_AXI_RX has port rdcount[28] driven by constant 0
WARNING: [Synth 8-3917] design AXI_SpaceWire_IP_v1_0_S01_AXI_RX has port rdcount[27] driven by constant 0
WARNING: [Synth 8-3917] design AXI_SpaceWire_IP_v1_0_S01_AXI_RX has port rdcount[26] driven by constant 0
WARNING: [Synth 8-3917] design AXI_SpaceWire_IP_v1_0_S01_AXI_RX has port rdcount[25] driven by constant 0
WARNING: [Synth 8-3917] design AXI_SpaceWire_IP_v1_0_S01_AXI_RX has port rdcount[24] driven by constant 0
WARNING: [Synth 8-3917] design AXI_SpaceWire_IP_v1_0_S01_AXI_RX has port rdcount[23] driven by constant 0
WARNING: [Synth 8-3917] design AXI_SpaceWire_IP_v1_0_S01_AXI_RX has port rdcount[22] driven by constant 0
WARNING: [Synth 8-3917] design AXI_SpaceWire_IP_v1_0_S01_AXI_RX has port rdcount[21] driven by constant 0
WARNING: [Synth 8-3917] design AXI_SpaceWire_IP_v1_0_S01_AXI_RX has port rdcount[20] driven by constant 0
WARNING: [Synth 8-3917] design AXI_SpaceWire_IP_v1_0_S01_AXI_RX has port rdcount[19] driven by constant 0
WARNING: [Synth 8-3917] design AXI_SpaceWire_IP_v1_0_S01_AXI_RX has port rdcount[18] driven by constant 0
WARNING: [Synth 8-3917] design AXI_SpaceWire_IP_v1_0_S01_AXI_RX has port rdcount[17] driven by constant 0
WARNING: [Synth 8-3917] design AXI_SpaceWire_IP_v1_0_S01_AXI_RX has port rdcount[16] driven by constant 0
WARNING: [Synth 8-3917] design AXI_SpaceWire_IP_v1_0_S01_AXI_RX has port rdcount[15] driven by constant 0
WARNING: [Synth 8-3917] design AXI_SpaceWire_IP_v1_0_S01_AXI_RX has port rdcount[14] driven by constant 0
WARNING: [Synth 8-3917] design AXI_SpaceWire_IP_v1_0_S01_AXI_RX has port rdcount[13] driven by constant 0
WARNING: [Synth 8-3917] design AXI_SpaceWire_IP_v1_0_S01_AXI_RX has port rdcount[12] driven by constant 0
WARNING: [Synth 8-3917] design AXI_SpaceWire_IP_v1_0_S01_AXI_RX has port wrcount[31] driven by constant 0
WARNING: [Synth 8-3917] design AXI_SpaceWire_IP_v1_0_S01_AXI_RX has port wrcount[30] driven by constant 0
WARNING: [Synth 8-3917] design AXI_SpaceWire_IP_v1_0_S01_AXI_RX has port wrcount[29] driven by constant 0
WARNING: [Synth 8-3917] design AXI_SpaceWire_IP_v1_0_S01_AXI_RX has port wrcount[28] driven by constant 0
WARNING: [Synth 8-3917] design AXI_SpaceWire_IP_v1_0_S01_AXI_RX has port wrcount[27] driven by constant 0
WARNING: [Synth 8-3917] design AXI_SpaceWire_IP_v1_0_S01_AXI_RX has port wrcount[26] driven by constant 0
WARNING: [Synth 8-3917] design AXI_SpaceWire_IP_v1_0_S01_AXI_RX has port wrcount[25] driven by constant 0
WARNING: [Synth 8-3917] design AXI_SpaceWire_IP_v1_0_S01_AXI_RX has port wrcount[24] driven by constant 0
WARNING: [Synth 8-3917] design AXI_SpaceWire_IP_v1_0_S01_AXI_RX has port wrcount[23] driven by constant 0
WARNING: [Synth 8-3917] design AXI_SpaceWire_IP_v1_0_S01_AXI_RX has port wrcount[22] driven by constant 0
WARNING: [Synth 8-3917] design AXI_SpaceWire_IP_v1_0_S01_AXI_RX has port wrcount[21] driven by constant 0
WARNING: [Synth 8-3917] design AXI_SpaceWire_IP_v1_0_S01_AXI_RX has port wrcount[20] driven by constant 0
WARNING: [Synth 8-3917] design AXI_SpaceWire_IP_v1_0_S01_AXI_RX has port wrcount[19] driven by constant 0
WARNING: [Synth 8-3917] design AXI_SpaceWire_IP_v1_0_S01_AXI_RX has port wrcount[18] driven by constant 0
WARNING: [Synth 8-3917] design AXI_SpaceWire_IP_v1_0_S01_AXI_RX has port wrcount[17] driven by constant 0
WARNING: [Synth 8-3917] design AXI_SpaceWire_IP_v1_0_S01_AXI_RX has port wrcount[16] driven by constant 0
WARNING: [Synth 8-3917] design AXI_SpaceWire_IP_v1_0_S01_AXI_RX has port wrcount[15] driven by constant 0
INFO: [Common 17-14] Message 'Synth 8-3917' appears 100 times and further instances of the messages will be disabled. Use the Tcl command set_msg_config to change the current settings.
WARNING: [Synth 8-7129] Port S_AXI_AWSIZE[2] in module AXI_SpaceWire_IP_v1_0_S01_AXI_RX is either unconnected or has no load
WARNING: [Synth 8-7129] Port S_AXI_AWSIZE[1] in module AXI_SpaceWire_IP_v1_0_S01_AXI_RX is either unconnected or has no load
WARNING: [Synth 8-7129] Port S_AXI_AWSIZE[0] in module AXI_SpaceWire_IP_v1_0_S01_AXI_RX is either unconnected or has no load
WARNING: [Synth 8-7129] Port S_AXI_AWLOCK in module AXI_SpaceWire_IP_v1_0_S01_AXI_RX is either unconnected or has no load
WARNING: [Synth 8-7129] Port S_AXI_AWCACHE[3] in module AXI_SpaceWire_IP_v1_0_S01_AXI_RX is either unconnected or has no load
WARNING: [Synth 8-7129] Port S_AXI_AWCACHE[2] in module AXI_SpaceWire_IP_v1_0_S01_AXI_RX is either unconnected or has no load
WARNING: [Synth 8-7129] Port S_AXI_AWCACHE[1] in module AXI_SpaceWire_IP_v1_0_S01_AXI_RX is either unconnected or has no load
WARNING: [Synth 8-7129] Port S_AXI_AWCACHE[0] in module AXI_SpaceWire_IP_v1_0_S01_AXI_RX is either unconnected or has no load
WARNING: [Synth 8-7129] Port S_AXI_AWPROT[2] in module AXI_SpaceWire_IP_v1_0_S01_AXI_RX is either unconnected or has no load
WARNING: [Synth 8-7129] Port S_AXI_AWPROT[1] in module AXI_SpaceWire_IP_v1_0_S01_AXI_RX is either unconnected or has no load
WARNING: [Synth 8-7129] Port S_AXI_AWPROT[0] in module AXI_SpaceWire_IP_v1_0_S01_AXI_RX is either unconnected or has no load
WARNING: [Synth 8-7129] Port S_AXI_AWQOS[3] in module AXI_SpaceWire_IP_v1_0_S01_AXI_RX is either unconnected or has no load
WARNING: [Synth 8-7129] Port S_AXI_AWQOS[2] in module AXI_SpaceWire_IP_v1_0_S01_AXI_RX is either unconnected or has no load
WARNING: [Synth 8-7129] Port S_AXI_AWQOS[1] in module AXI_SpaceWire_IP_v1_0_S01_AXI_RX is either unconnected or has no load
WARNING: [Synth 8-7129] Port S_AXI_AWQOS[0] in module AXI_SpaceWire_IP_v1_0_S01_AXI_RX is either unconnected or has no load
WARNING: [Synth 8-7129] Port S_AXI_AWREGION[3] in module AXI_SpaceWire_IP_v1_0_S01_AXI_RX is either unconnected or has no load
WARNING: [Synth 8-7129] Port S_AXI_AWREGION[2] in module AXI_SpaceWire_IP_v1_0_S01_AXI_RX is either unconnected or has no load
WARNING: [Synth 8-7129] Port S_AXI_AWREGION[1] in module AXI_SpaceWire_IP_v1_0_S01_AXI_RX is either unconnected or has no load
WARNING: [Synth 8-7129] Port S_AXI_AWREGION[0] in module AXI_SpaceWire_IP_v1_0_S01_AXI_RX is either unconnected or has no load
WARNING: [Synth 8-7129] Port S_AXI_WDATA[31] in module AXI_SpaceWire_IP_v1_0_S01_AXI_RX is either unconnected or has no load
WARNING: [Synth 8-7129] Port S_AXI_WDATA[30] in module AXI_SpaceWire_IP_v1_0_S01_AXI_RX is either unconnected or has no load
WARNING: [Synth 8-7129] Port S_AXI_WDATA[29] in module AXI_SpaceWire_IP_v1_0_S01_AXI_RX is either unconnected or has no load
WARNING: [Synth 8-7129] Port S_AXI_WDATA[28] in module AXI_SpaceWire_IP_v1_0_S01_AXI_RX is either unconnected or has no load
WARNING: [Synth 8-7129] Port S_AXI_WDATA[27] in module AXI_SpaceWire_IP_v1_0_S01_AXI_RX is either unconnected or has no load
WARNING: [Synth 8-7129] Port S_AXI_WDATA[26] in module AXI_SpaceWire_IP_v1_0_S01_AXI_RX is either unconnected or has no load
WARNING: [Synth 8-7129] Port S_AXI_WDATA[25] in module AXI_SpaceWire_IP_v1_0_S01_AXI_RX is either unconnected or has no load
INFO: [Common 17-14] Message 'Synth 8-7129' appears 100 times and further instances of the messages will be disabled. Use the Tcl command set_msg_config to change the current settings.
---------------------------------------------------------------------------------
Finished Cross Boundary and Area Optimization : Time (s): cpu = 00:00:06 ; elapsed = 00:00:07 . Memory (MB): peak = 3160.438 ; gain = 8.004 ; free physical = 993 ; free virtual = 6616
---------------------------------------------------------------------------------
No constraint files found.
---------------------------------------------------------------------------------
Start Timing Optimization
---------------------------------------------------------------------------------
---------------------------------------------------------------------------------
Finished Timing Optimization : Time (s): cpu = 00:00:06 ; elapsed = 00:00:07 . Memory (MB): peak = 3160.438 ; gain = 8.004 ; free physical = 990 ; free virtual = 6615
---------------------------------------------------------------------------------
---------------------------------------------------------------------------------
Start Technology Mapping
---------------------------------------------------------------------------------
---------------------------------------------------------------------------------
Finished Technology Mapping : Time (s): cpu = 00:00:06 ; elapsed = 00:00:07 . Memory (MB): peak = 3160.438 ; gain = 8.004 ; free physical = 988 ; free virtual = 6613
---------------------------------------------------------------------------------
---------------------------------------------------------------------------------
Start IO Insertion
---------------------------------------------------------------------------------
---------------------------------------------------------------------------------
Start Flattening Before IO Insertion
---------------------------------------------------------------------------------
---------------------------------------------------------------------------------
Finished Flattening Before IO Insertion
---------------------------------------------------------------------------------
---------------------------------------------------------------------------------
Start Final Netlist Cleanup
---------------------------------------------------------------------------------
---------------------------------------------------------------------------------
Finished Final Netlist Cleanup
---------------------------------------------------------------------------------
---------------------------------------------------------------------------------
Finished IO Insertion : Time (s): cpu = 00:00:09 ; elapsed = 00:00:09 . Memory (MB): peak = 3160.438 ; gain = 8.004 ; free physical = 984 ; free virtual = 6611
---------------------------------------------------------------------------------
---------------------------------------------------------------------------------
Start Renaming Generated Instances
---------------------------------------------------------------------------------
---------------------------------------------------------------------------------
Finished Renaming Generated Instances : Time (s): cpu = 00:00:09 ; elapsed = 00:00:09 . Memory (MB): peak = 3160.438 ; gain = 8.004 ; free physical = 984 ; free virtual = 6611
---------------------------------------------------------------------------------
---------------------------------------------------------------------------------
Start Rebuilding User Hierarchy
---------------------------------------------------------------------------------
---------------------------------------------------------------------------------
Finished Rebuilding User Hierarchy : Time (s): cpu = 00:00:09 ; elapsed = 00:00:09 . Memory (MB): peak = 3160.438 ; gain = 8.004 ; free physical = 984 ; free virtual = 6611
---------------------------------------------------------------------------------
---------------------------------------------------------------------------------
Start Renaming Generated Ports
---------------------------------------------------------------------------------
---------------------------------------------------------------------------------
Finished Renaming Generated Ports : Time (s): cpu = 00:00:09 ; elapsed = 00:00:09 . Memory (MB): peak = 3160.438 ; gain = 8.004 ; free physical = 984 ; free virtual = 6611
---------------------------------------------------------------------------------
---------------------------------------------------------------------------------
Start Handling Custom Attributes
---------------------------------------------------------------------------------
---------------------------------------------------------------------------------
Finished Handling Custom Attributes : Time (s): cpu = 00:00:09 ; elapsed = 00:00:09 . Memory (MB): peak = 3160.438 ; gain = 8.004 ; free physical = 984 ; free virtual = 6611
---------------------------------------------------------------------------------
---------------------------------------------------------------------------------
Start Renaming Generated Nets
---------------------------------------------------------------------------------
---------------------------------------------------------------------------------
Finished Renaming Generated Nets : Time (s): cpu = 00:00:09 ; elapsed = 00:00:09 . Memory (MB): peak = 3160.438 ; gain = 8.004 ; free physical = 984 ; free virtual = 6611
---------------------------------------------------------------------------------
---------------------------------------------------------------------------------
Start Writing Synthesis Report
---------------------------------------------------------------------------------

Report BlackBoxes: 
+-+--------------+----------+
| |BlackBox name |Instances |
+-+--------------+----------+
+-+--------------+----------+

Report Cell Usage: 
+------+---------+------+
|      |Cell     |Count |
+------+---------+------+
|1     |BUFG     |     2|
|2     |CARRY4   |    17|
|3     |FIFO18E1 |     1|
|4     |LUT1     |     4|
|5     |LUT2     |    55|
|6     |LUT3     |    30|
|7     |LUT4     |    55|
|8     |LUT5     |    11|
|9     |LUT6     |    15|
|10    |FDRE     |   101|
|11    |IBUF     |    33|
|12    |OBUF     |   177|
+------+---------+------+

Report Instance Areas: 
+------+-------------------------------+------------------------------+------+
|      |Instance                       |Module                        |Cells |
+------+-------------------------------+------------------------------+------+
|1     |top                            |                              |   501|
|2     |  FIFO_DUALCLOCK_MACRO_inst_TX |unimacro_FIFO_DUALCLOCK_MACRO |    14|
+------+-------------------------------+------------------------------+------+
---------------------------------------------------------------------------------
Finished Writing Synthesis Report : Time (s): cpu = 00:00:09 ; elapsed = 00:00:09 . Memory (MB): peak = 3160.438 ; gain = 8.004 ; free physical = 984 ; free virtual = 6611
---------------------------------------------------------------------------------
Synthesis finished with 0 errors, 0 critical warnings and 260 warnings.
Synthesis Optimization Runtime : Time (s): cpu = 00:00:09 ; elapsed = 00:00:09 . Memory (MB): peak = 3160.438 ; gain = 8.004 ; free physical = 989 ; free virtual = 6616
Synthesis Optimization Complete : Time (s): cpu = 00:00:09 ; elapsed = 00:00:09 . Memory (MB): peak = 3160.445 ; gain = 8.004 ; free physical = 989 ; free virtual = 6616
INFO: [Project 1-571] Translating synthesized netlist
Netlist sorting complete. Time (s): cpu = 00:00:00.01 ; elapsed = 00:00:00.01 . Memory (MB): peak = 3160.445 ; gain = 0.000 ; free physical = 1067 ; free virtual = 6699
INFO: [Netlist 29-17] Analyzing 18 Unisim elements for replacement
INFO: [Netlist 29-28] Unisim Transformation completed in 0 CPU seconds
INFO: [Project 1-570] Preparing netlist for logic optimization
INFO: [Opt 31-138] Pushed 0 inverter(s) to 0 load pin(s).
Netlist sorting complete. Time (s): cpu = 00:00:00 ; elapsed = 00:00:00 . Memory (MB): peak = 3216.465 ; gain = 0.000 ; free physical = 986 ; free virtual = 6619
INFO: [Project 1-111] Unisim Transformation Summary:
No Unisim elements were transformed.

Synth Design complete, checksum: 1a32e41c
INFO: [Common 17-83] Releasing license: Synthesis
31 Infos, 210 Warnings, 0 Critical Warnings and 0 Errors encountered.
synth_design completed successfully
synth_design: Time (s): cpu = 00:00:13 ; elapsed = 00:00:10 . Memory (MB): peak = 3216.465 ; gain = 64.031 ; free physical = 1193 ; free virtual = 6826
INFO: [Common 17-1381] The checkpoint '/home/stl56jc/Dokumente/Code/axi_spw_ip_repo/edit_AXI_SpaceWire_IP_v1_0.runs/synth_1/AXI_SpaceWire_IP_v1_0_S01_AXI_RX.dcp' has been generated.
INFO: [runtcl-4] Executing : report_utilization -file AXI_SpaceWire_IP_v1_0_S01_AXI_RX_utilization_synth.rpt -pb AXI_SpaceWire_IP_v1_0_S01_AXI_RX_utilization_synth.pb
INFO: [Common 17-206] Exiting Vivado at Tue Nov  8 12:50:45 2022...
