Vivado Simulator v2022.1
Copyright 1986-1999, 2001-2022 Xilinx, Inc. All Rights Reserved.
Running: /tools/Xilinx/Vivado/2022.1/bin/unwrapped/lnx64.o/xelab --incr --debug typical --relax --mt 8 --maxdelay -L xil_defaultlib -L simprims_ver -L secureip --snapshot AXI_SpaceWire_IP_v1_0_tb_time_synth -transport_int_delays -pulse_r 0 -pulse_int_r 0 -pulse_e 0 -pulse_int_e 0 xil_defaultlib.AXI_SpaceWire_IP_v1_0_tb xil_defaultlib.glbl -log elaborate.log 
Using 8 slave threads.
Starting static elaboration
Pass Through NonSizing Optimizer
ERROR: [VRFC 10-3146] binding entity '\AXI_SpaceWire_IP_v1_0\' does not have generic 'rxchunk' [/home/aranel/Dokumente/Code/axi_spw_ip_repo/edit_AXI_SpaceWire_IP_v1_0.srcs/sim_1/new/AXI_SpaceWire_IP_v1_0_tb.vhd:96]
ERROR: [VRFC 10-3146] binding entity '\AXI_SpaceWire_IP_v1_0\' does not have generic 'rxfifosize_bits' [/home/aranel/Dokumente/Code/axi_spw_ip_repo/edit_AXI_SpaceWire_IP_v1_0.srcs/sim_1/new/AXI_SpaceWire_IP_v1_0_tb.vhd:97]
ERROR: [VRFC 10-3146] binding entity '\AXI_SpaceWire_IP_v1_0\' does not have generic 'txfifosize_bits' [/home/aranel/Dokumente/Code/axi_spw_ip_repo/edit_AXI_SpaceWire_IP_v1_0.srcs/sim_1/new/AXI_SpaceWire_IP_v1_0_tb.vhd:98]
ERROR: [VRFC 10-3146] binding entity '\AXI_SpaceWire_IP_v1_0\' does not have generic 'c_s00_axi_tx_id_width' [/home/aranel/Dokumente/Code/axi_spw_ip_repo/edit_AXI_SpaceWire_IP_v1_0.srcs/sim_1/new/AXI_SpaceWire_IP_v1_0_tb.vhd:99]
ERROR: [VRFC 10-3146] binding entity '\AXI_SpaceWire_IP_v1_0\' does not have generic 'c_s00_axi_tx_data_width' [/home/aranel/Dokumente/Code/axi_spw_ip_repo/edit_AXI_SpaceWire_IP_v1_0.srcs/sim_1/new/AXI_SpaceWire_IP_v1_0_tb.vhd:100]
ERROR: [VRFC 10-3146] binding entity '\AXI_SpaceWire_IP_v1_0\' does not have generic 'c_s00_axi_tx_addr_width' [/home/aranel/Dokumente/Code/axi_spw_ip_repo/edit_AXI_SpaceWire_IP_v1_0.srcs/sim_1/new/AXI_SpaceWire_IP_v1_0_tb.vhd:101]
ERROR: [VRFC 10-3146] binding entity '\AXI_SpaceWire_IP_v1_0\' does not have generic 'c_s00_axi_tx_awuser_width' [/home/aranel/Dokumente/Code/axi_spw_ip_repo/edit_AXI_SpaceWire_IP_v1_0.srcs/sim_1/new/AXI_SpaceWire_IP_v1_0_tb.vhd:102]
ERROR: [VRFC 10-3146] binding entity '\AXI_SpaceWire_IP_v1_0\' does not have generic 'c_s00_axi_tx_aruser_width' [/home/aranel/Dokumente/Code/axi_spw_ip_repo/edit_AXI_SpaceWire_IP_v1_0.srcs/sim_1/new/AXI_SpaceWire_IP_v1_0_tb.vhd:103]
ERROR: [VRFC 10-3146] binding entity '\AXI_SpaceWire_IP_v1_0\' does not have generic 'c_s00_axi_tx_wuser_width' [/home/aranel/Dokumente/Code/axi_spw_ip_repo/edit_AXI_SpaceWire_IP_v1_0.srcs/sim_1/new/AXI_SpaceWire_IP_v1_0_tb.vhd:104]
ERROR: [VRFC 10-3146] binding entity '\AXI_SpaceWire_IP_v1_0\' does not have generic 'c_s00_axi_tx_ruser_width' [/home/aranel/Dokumente/Code/axi_spw_ip_repo/edit_AXI_SpaceWire_IP_v1_0.srcs/sim_1/new/AXI_SpaceWire_IP_v1_0_tb.vhd:105]
ERROR: [VRFC 10-3146] binding entity '\AXI_SpaceWire_IP_v1_0\' does not have generic 'c_s00_axi_tx_buser_width' [/home/aranel/Dokumente/Code/axi_spw_ip_repo/edit_AXI_SpaceWire_IP_v1_0.srcs/sim_1/new/AXI_SpaceWire_IP_v1_0_tb.vhd:106]
ERROR: [VRFC 10-3146] binding entity '\AXI_SpaceWire_IP_v1_0\' does not have generic 'c_s01_axi_rx_id_width' [/home/aranel/Dokumente/Code/axi_spw_ip_repo/edit_AXI_SpaceWire_IP_v1_0.srcs/sim_1/new/AXI_SpaceWire_IP_v1_0_tb.vhd:107]
ERROR: [VRFC 10-3146] binding entity '\AXI_SpaceWire_IP_v1_0\' does not have generic 'c_s01_axi_rx_data_width' [/home/aranel/Dokumente/Code/axi_spw_ip_repo/edit_AXI_SpaceWire_IP_v1_0.srcs/sim_1/new/AXI_SpaceWire_IP_v1_0_tb.vhd:108]
ERROR: [VRFC 10-3146] binding entity '\AXI_SpaceWire_IP_v1_0\' does not have generic 'c_s01_axi_rx_addr_width' [/home/aranel/Dokumente/Code/axi_spw_ip_repo/edit_AXI_SpaceWire_IP_v1_0.srcs/sim_1/new/AXI_SpaceWire_IP_v1_0_tb.vhd:109]
ERROR: [VRFC 10-3146] binding entity '\AXI_SpaceWire_IP_v1_0\' does not have generic 'c_s01_axi_rx_awuser_width' [/home/aranel/Dokumente/Code/axi_spw_ip_repo/edit_AXI_SpaceWire_IP_v1_0.srcs/sim_1/new/AXI_SpaceWire_IP_v1_0_tb.vhd:110]
ERROR: [VRFC 10-3146] binding entity '\AXI_SpaceWire_IP_v1_0\' does not have generic 'c_s01_axi_rx_aruser_width' [/home/aranel/Dokumente/Code/axi_spw_ip_repo/edit_AXI_SpaceWire_IP_v1_0.srcs/sim_1/new/AXI_SpaceWire_IP_v1_0_tb.vhd:111]
ERROR: [VRFC 10-3146] binding entity '\AXI_SpaceWire_IP_v1_0\' does not have generic 'c_s01_axi_rx_wuser_width' [/home/aranel/Dokumente/Code/axi_spw_ip_repo/edit_AXI_SpaceWire_IP_v1_0.srcs/sim_1/new/AXI_SpaceWire_IP_v1_0_tb.vhd:112]
ERROR: [VRFC 10-3146] binding entity '\AXI_SpaceWire_IP_v1_0\' does not have generic 'c_s01_axi_rx_ruser_width' [/home/aranel/Dokumente/Code/axi_spw_ip_repo/edit_AXI_SpaceWire_IP_v1_0.srcs/sim_1/new/AXI_SpaceWire_IP_v1_0_tb.vhd:113]
ERROR: [VRFC 10-3146] binding entity '\AXI_SpaceWire_IP_v1_0\' does not have generic 'c_s01_axi_rx_buser_width' [/home/aranel/Dokumente/Code/axi_spw_ip_repo/edit_AXI_SpaceWire_IP_v1_0.srcs/sim_1/new/AXI_SpaceWire_IP_v1_0_tb.vhd:114]
INFO: [#UNDEF] Sorry, too many errors..
ERROR: [XSIM 43-3322] Static elaboration of top level Verilog design unit(s) in library work failed.
